<?xml version="1.0" encoding="UTF-8"?>
<testng-results skipped="0" failed="0" total="1" passed="1">
  <reporter-output>
  </reporter-output>
  <suite name="Suite" duration-ms="29" started-at="2017-03-11T15:33:08Z" finished-at="2017-03-11T15:33:09Z">
    <groups>
    </groups>
    <test name="Test" duration-ms="29" started-at="2017-03-11T15:33:08Z" finished-at="2017-03-11T15:33:09Z">
      <class name="firstPackage.FirstClass">
        <test-method status="PASS" signature="testMethod1()[pri:0, instance:firstPackage.FirstClass@71c7db30]" name="testMethod1" duration-ms="11" started-at="2017-03-11T21:03:09Z" finished-at="2017-03-11T21:03:09Z">
          <reporter-output>
          </reporter-output>
        </test-method> <!-- testMethod1 -->
      </class> <!-- firstPackage.FirstClass -->
    </test> <!-- Test -->
  </suite> <!-- Suite -->
</testng-results>
